<?xml version="1.0" encoding="UTF-8"?>
<testsuite name="com.example.sistemaedu.integration.EstudianteIntegrationTest" tests="1" skipped="0" failures="1" errors="0" timestamp="2024-09-22T23:24:19" hostname="MIGUELFEOPC" time="1.46">
  <properties/>
  <testcase name="cuandoGuardarEstudiante_deberiaRetornarEstudianteGuardado()" classname="com.example.sistemaedu.integration.EstudianteIntegrationTest" time="1.46">
    <failure message="org.opentest4j.AssertionFailedError: El estudiante obtenido no debe ser nulo ==&gt; expected: not &lt;null&gt;" type="org.opentest4j.AssertionFailedError">org.opentest4j.AssertionFailedError: El estudiante obtenido no debe ser nulo ==&gt; expected: not &lt;null&gt;
	at app//org.junit.jupiter.api.AssertionFailureBuilder.build(AssertionFailureBuilder.java:152)
	at app//org.junit.jupiter.api.AssertionFailureBuilder.buildAndThrow(AssertionFailureBuilder.java:132)
	at app//org.junit.jupiter.api.AssertNotNull.failNull(AssertNotNull.java:49)
	at app//org.junit.jupiter.api.AssertNotNull.assertNotNull(AssertNotNull.java:35)
	at app//org.junit.jupiter.api.Assertions.assertNotNull(Assertions.java:312)
	at app//com.example.sistemaedu.integration.EstudianteIntegrationTest.cuandoGuardarEstudiante_deberiaRetornarEstudianteGuardado(EstudianteIntegrationTest.java:40)
	at java.base@21.0.1/java.lang.reflect.Method.invoke(Method.java:580)
	at java.base@21.0.1/java.util.ArrayList.forEach(ArrayList.java:1596)
	at java.base@21.0.1/java.util.ArrayList.forEach(ArrayList.java:1596)
</failure>
  </testcase>
  <system-out><![CDATA[18:24:12.886 [Test worker] INFO org.springframework.test.context.support.AnnotationConfigContextLoaderUtils -- Could not detect default configuration classes for test class [com.example.sistemaedu.integration.EstudianteIntegrationTest]: EstudianteIntegrationTest does not declare any static, non-private, non-final, nested classes annotated with @Configuration.
18:24:13.081 [Test worker] INFO org.springframework.boot.test.context.SpringBootTestContextBootstrapper -- Found @SpringBootConfiguration com.example.sistemaedu.SistemaeduApplication for test class com.example.sistemaedu.integration.EstudianteIntegrationTest

  .   ____          _            __ _ _
 /\\ / ___'_ __ _ _(_)_ __  __ _ \ \ \ \
( ( )\___ | '_ | '_| | '_ \/ _` | \ \ \ \
 \\/  ___)| |_)| | | | | || (_| |  ) ) ) )
  '  |____| .__|_| |_|_| |_\__, | / / / /
 =========|_|==============|___/=/_/_/_/

 :: Spring Boot ::                (v3.3.3)

2024-09-22T18:24:13.786-05:00  INFO 1504 --- [sistemaedu] [    Test worker] c.e.s.i.EstudianteIntegrationTest        : Starting EstudianteIntegrationTest using Java 21.0.1 with PID 1504 (started by mfeom in C:\Diseño de Software\SistEducacion\sistemaedu)
2024-09-22T18:24:13.789-05:00  INFO 1504 --- [sistemaedu] [    Test worker] c.e.s.i.EstudianteIntegrationTest        : The following 1 profile is active: "test"
2024-09-22T18:24:14.791-05:00  INFO 1504 --- [sistemaedu] [    Test worker] .s.d.r.c.RepositoryConfigurationDelegate : Bootstrapping Spring Data JPA repositories in DEFAULT mode.
2024-09-22T18:24:14.897-05:00  INFO 1504 --- [sistemaedu] [    Test worker] .s.d.r.c.RepositoryConfigurationDelegate : Finished Spring Data repository scanning in 86 ms. Found 3 JPA repository interfaces.
2024-09-22T18:24:15.789-05:00  INFO 1504 --- [sistemaedu] [    Test worker] o.s.b.w.embedded.tomcat.TomcatWebServer  : Tomcat initialized with port 0 (http)
2024-09-22T18:24:15.811-05:00  INFO 1504 --- [sistemaedu] [    Test worker] o.apache.catalina.core.StandardService   : Starting service [Tomcat]
2024-09-22T18:24:15.811-05:00  INFO 1504 --- [sistemaedu] [    Test worker] o.apache.catalina.core.StandardEngine    : Starting Servlet engine: [Apache Tomcat/10.1.28]
2024-09-22T18:24:15.927-05:00  INFO 1504 --- [sistemaedu] [    Test worker] o.a.c.c.C.[Tomcat].[localhost].[/]       : Initializing Spring embedded WebApplicationContext
2024-09-22T18:24:15.929-05:00  INFO 1504 --- [sistemaedu] [    Test worker] w.s.c.ServletWebServerApplicationContext : Root WebApplicationContext: initialization completed in 2099 ms
2024-09-22T18:24:16.243-05:00  INFO 1504 --- [sistemaedu] [    Test worker] o.hibernate.jpa.internal.util.LogHelper  : HHH000204: Processing PersistenceUnitInfo [name: default]
2024-09-22T18:24:16.357-05:00  INFO 1504 --- [sistemaedu] [    Test worker] org.hibernate.Version                    : HHH000412: Hibernate ORM core version 6.5.2.Final
2024-09-22T18:24:16.405-05:00  INFO 1504 --- [sistemaedu] [    Test worker] o.h.c.internal.RegionFactoryInitiator    : HHH000026: Second-level cache disabled
2024-09-22T18:24:16.943-05:00  INFO 1504 --- [sistemaedu] [    Test worker] o.s.o.j.p.SpringPersistenceUnitInfo      : No LoadTimeWeaver setup: ignoring JPA class transformer
2024-09-22T18:24:17.009-05:00  INFO 1504 --- [sistemaedu] [    Test worker] com.zaxxer.hikari.HikariDataSource       : HikariPool-1 - Starting...
2024-09-22T18:24:17.270-05:00  INFO 1504 --- [sistemaedu] [    Test worker] com.zaxxer.hikari.pool.HikariPool        : HikariPool-1 - Added connection conn0: url=jdbc:h2:mem:testdb user=SA
2024-09-22T18:24:17.275-05:00  INFO 1504 --- [sistemaedu] [    Test worker] com.zaxxer.hikari.HikariDataSource       : HikariPool-1 - Start completed.
2024-09-22T18:24:17.308-05:00  WARN 1504 --- [sistemaedu] [    Test worker] org.hibernate.orm.deprecation            : HHH90000025: H2Dialect does not need to be specified explicitly using 'hibernate.dialect' (remove the property setting and it will be selected by default)
2024-09-22T18:24:18.556-05:00  INFO 1504 --- [sistemaedu] [    Test worker] o.h.e.t.j.p.i.JtaPlatformInitiator       : HHH000489: No JTA platform available (set 'hibernate.transaction.jta.platform' to enable JTA platform integration)
2024-09-22T18:24:18.620-05:00  INFO 1504 --- [sistemaedu] [    Test worker] j.LocalContainerEntityManagerFactoryBean : Initialized JPA EntityManagerFactory for persistence unit 'default'
2024-09-22T18:24:19.368-05:00  WARN 1504 --- [sistemaedu] [    Test worker] JpaBaseConfiguration$JpaWebConfiguration : spring.jpa.open-in-view is enabled by default. Therefore, database queries may be performed during view rendering. Explicitly configure spring.jpa.open-in-view to disable this warning
2024-09-22T18:24:19.965-05:00  INFO 1504 --- [sistemaedu] [    Test worker] o.s.b.w.embedded.tomcat.TomcatWebServer  : Tomcat started on port 57717 (http) with context path '/'
2024-09-22T18:24:19.975-05:00  INFO 1504 --- [sistemaedu] [    Test worker] c.e.s.i.EstudianteIntegrationTest        : Started EstudianteIntegrationTest in 6.621 seconds (process running for 8.365)
2024-09-22T18:24:20.933-05:00  INFO 1504 --- [sistemaedu] [o-auto-1-exec-1] o.a.c.c.C.[Tomcat].[localhost].[/]       : Initializing Spring DispatcherServlet 'dispatcherServlet'
2024-09-22T18:24:20.935-05:00  INFO 1504 --- [sistemaedu] [o-auto-1-exec-1] o.s.web.servlet.DispatcherServlet        : Initializing Servlet 'dispatcherServlet'
2024-09-22T18:24:20.937-05:00  INFO 1504 --- [sistemaedu] [o-auto-1-exec-1] o.s.web.servlet.DispatcherServlet        : Completed initialization in 2 ms
Respuesta de la inserción: <200 OK OK,Estudiante guardado,[Vary:"Origin", "Access-Control-Request-Method", "Access-Control-Request-Headers", Content-Type:"text/plain;charset=UTF-8", Content-Length:"19", Date:"Sun, 22 Sep 2024 23:24:21 GMT", Keep-Alive:"timeout=60", Connection:"keep-alive"]>
]]></system-out>
  <system-err><![CDATA[WARNING: A Java agent has been loaded dynamically (C:\Users\mfeom\.gradle\caches\modules-2\files-2.1\net.bytebuddy\byte-buddy-agent\1.14.19\154da3a65b4f4a909d3e5bdec55d1b2b4cbb6ce1\byte-buddy-agent-1.14.19.jar)
WARNING: If a serviceability tool is in use, please run with -XX:+EnableDynamicAgentLoading to hide this warning
WARNING: If a serviceability tool is not in use, please run with -Djdk.instrument.traceUsage for more information
WARNING: Dynamic loading of agents will be disallowed by default in a future release
]]></system-err>
</testsuite>
