<?xml version="1.0" encoding="UTF-8"?>
<testsuite name="com.example.sistemaedu.integration.AsignaturaIntegrationTest" tests="4" skipped="0" failures="1" errors="0" timestamp="2024-09-26T22:29:15" hostname="MIGUELFEOPC" time="2.126">
  <properties/>
  <testcase name="When_eliminarAsignatura_Then_returnAsignaturaEliminada()" classname="com.example.sistemaedu.integration.AsignaturaIntegrationTest" time="1.8"/>
  <testcase name="When_obtenerAsignaturaPorId_Then_returnAsignatura()" classname="com.example.sistemaedu.integration.AsignaturaIntegrationTest" time="0.051">
    <failure message="org.opentest4j.AssertionFailedError: expected: &lt;Física&gt; but was: &lt;Química&gt;" type="org.opentest4j.AssertionFailedError">org.opentest4j.AssertionFailedError: expected: &lt;Física&gt; but was: &lt;Química&gt;
	at app//org.junit.jupiter.api.AssertionFailureBuilder.build(AssertionFailureBuilder.java:151)
	at app//org.junit.jupiter.api.AssertionFailureBuilder.buildAndThrow(AssertionFailureBuilder.java:132)
	at app//org.junit.jupiter.api.AssertEquals.failNotEqual(AssertEquals.java:197)
	at app//org.junit.jupiter.api.AssertEquals.assertEquals(AssertEquals.java:182)
	at app//org.junit.jupiter.api.AssertEquals.assertEquals(AssertEquals.java:177)
	at app//org.junit.jupiter.api.Assertions.assertEquals(Assertions.java:1145)
	at app//com.example.sistemaedu.integration.AsignaturaIntegrationTest.When_obtenerAsignaturaPorId_Then_returnAsignatura(AsignaturaIntegrationTest.java:45)
	at java.base@21.0.1/java.lang.reflect.Method.invoke(Method.java:580)
	at java.base@21.0.1/java.util.ArrayList.forEach(ArrayList.java:1596)
	at java.base@21.0.1/java.util.ArrayList.forEach(ArrayList.java:1596)
</failure>
  </testcase>
  <testcase name="When_actualizarAsignatura_Then_returnAsignaturaActualizada()" classname="com.example.sistemaedu.integration.AsignaturaIntegrationTest" time="0.066"/>
  <testcase name="When_guardarAsignatura_Then_returnAsignaturaGuardada()" classname="com.example.sistemaedu.integration.AsignaturaIntegrationTest" time="0.203"/>
  <system-out><![CDATA[17:29:04.414 [Test worker] INFO org.springframework.test.context.support.AnnotationConfigContextLoaderUtils -- Could not detect default configuration classes for test class [com.example.sistemaedu.integration.AsignaturaIntegrationTest]: AsignaturaIntegrationTest does not declare any static, non-private, non-final, nested classes annotated with @Configuration.
17:29:04.681 [Test worker] INFO org.springframework.boot.test.context.SpringBootTestContextBootstrapper -- Found @SpringBootConfiguration com.example.sistemaedu.SistemaeduApplication for test class com.example.sistemaedu.integration.AsignaturaIntegrationTest

  .   ____          _            __ _ _
 /\\ / ___'_ __ _ _(_)_ __  __ _ \ \ \ \
( ( )\___ | '_ | '_| | '_ \/ _` | \ \ \ \
 \\/  ___)| |_)| | | | | || (_| |  ) ) ) )
  '  |____| .__|_| |_|_| |_\__, | / / / /
 =========|_|==============|___/=/_/_/_/

 :: Spring Boot ::                (v3.3.3)

2024-09-26T17:29:05.704-05:00  INFO 19500 --- [sistemaedu] [    Test worker] c.e.s.i.AsignaturaIntegrationTest        : Starting AsignaturaIntegrationTest using Java 21.0.1 with PID 19500 (started by mfeom in C:\Diseño de Software\SistEducacion\sistemaedu)
2024-09-26T17:29:05.709-05:00  INFO 19500 --- [sistemaedu] [    Test worker] c.e.s.i.AsignaturaIntegrationTest        : The following 1 profile is active: "test"
2024-09-26T17:29:07.441-05:00  INFO 19500 --- [sistemaedu] [    Test worker] .s.d.r.c.RepositoryConfigurationDelegate : Bootstrapping Spring Data JPA repositories in DEFAULT mode.
2024-09-26T17:29:07.618-05:00  INFO 19500 --- [sistemaedu] [    Test worker] .s.d.r.c.RepositoryConfigurationDelegate : Finished Spring Data repository scanning in 144 ms. Found 3 JPA repository interfaces.
2024-09-26T17:29:08.770-05:00  INFO 19500 --- [sistemaedu] [    Test worker] o.s.b.w.embedded.tomcat.TomcatWebServer  : Tomcat initialized with port 0 (http)
2024-09-26T17:29:08.809-05:00  INFO 19500 --- [sistemaedu] [    Test worker] o.apache.catalina.core.StandardService   : Starting service [Tomcat]
2024-09-26T17:29:08.810-05:00  INFO 19500 --- [sistemaedu] [    Test worker] o.apache.catalina.core.StandardEngine    : Starting Servlet engine: [Apache Tomcat/10.1.28]
2024-09-26T17:29:08.942-05:00  INFO 19500 --- [sistemaedu] [    Test worker] o.a.c.c.C.[Tomcat].[localhost].[/]       : Initializing Spring embedded WebApplicationContext
2024-09-26T17:29:08.943-05:00  INFO 19500 --- [sistemaedu] [    Test worker] w.s.c.ServletWebServerApplicationContext : Root WebApplicationContext: initialization completed in 3153 ms
2024-09-26T17:29:09.347-05:00  INFO 19500 --- [sistemaedu] [    Test worker] o.hibernate.jpa.internal.util.LogHelper  : HHH000204: Processing PersistenceUnitInfo [name: default]
2024-09-26T17:29:09.530-05:00  INFO 19500 --- [sistemaedu] [    Test worker] org.hibernate.Version                    : HHH000412: Hibernate ORM core version 6.5.2.Final
2024-09-26T17:29:09.639-05:00  INFO 19500 --- [sistemaedu] [    Test worker] o.h.c.internal.RegionFactoryInitiator    : HHH000026: Second-level cache disabled
2024-09-26T17:29:10.521-05:00  INFO 19500 --- [sistemaedu] [    Test worker] o.s.o.j.p.SpringPersistenceUnitInfo      : No LoadTimeWeaver setup: ignoring JPA class transformer
2024-09-26T17:29:10.603-05:00  INFO 19500 --- [sistemaedu] [    Test worker] com.zaxxer.hikari.HikariDataSource       : HikariPool-1 - Starting...
2024-09-26T17:29:11.169-05:00  INFO 19500 --- [sistemaedu] [    Test worker] com.zaxxer.hikari.pool.HikariPool        : HikariPool-1 - Added connection conn0: url=jdbc:h2:mem:testdb user=SA
2024-09-26T17:29:11.175-05:00  INFO 19500 --- [sistemaedu] [    Test worker] com.zaxxer.hikari.HikariDataSource       : HikariPool-1 - Start completed.
2024-09-26T17:29:11.264-05:00  WARN 19500 --- [sistemaedu] [    Test worker] org.hibernate.orm.deprecation            : HHH90000025: H2Dialect does not need to be specified explicitly using 'hibernate.dialect' (remove the property setting and it will be selected by default)
2024-09-26T17:29:13.542-05:00  INFO 19500 --- [sistemaedu] [    Test worker] o.h.e.t.j.p.i.JtaPlatformInitiator       : HHH000489: No JTA platform available (set 'hibernate.transaction.jta.platform' to enable JTA platform integration)
2024-09-26T17:29:13.620-05:00  INFO 19500 --- [sistemaedu] [    Test worker] j.LocalContainerEntityManagerFactoryBean : Initialized JPA EntityManagerFactory for persistence unit 'default'
2024-09-26T17:29:14.395-05:00  WARN 19500 --- [sistemaedu] [    Test worker] JpaBaseConfiguration$JpaWebConfiguration : spring.jpa.open-in-view is enabled by default. Therefore, database queries may be performed during view rendering. Explicitly configure spring.jpa.open-in-view to disable this warning
2024-09-26T17:29:15.261-05:00  INFO 19500 --- [sistemaedu] [    Test worker] o.s.b.w.embedded.tomcat.TomcatWebServer  : Tomcat started on port 51299 (http) with context path '/'
2024-09-26T17:29:15.280-05:00  INFO 19500 --- [sistemaedu] [    Test worker] c.e.s.i.AsignaturaIntegrationTest        : Started AsignaturaIntegrationTest in 10.227 seconds (process running for 13.617)
2024-09-26T17:29:16.524-05:00  INFO 19500 --- [sistemaedu] [o-auto-1-exec-1] o.a.c.c.C.[Tomcat].[localhost].[/]       : Initializing Spring DispatcherServlet 'dispatcherServlet'
2024-09-26T17:29:16.526-05:00  INFO 19500 --- [sistemaedu] [o-auto-1-exec-1] o.s.web.servlet.DispatcherServlet        : Initializing Servlet 'dispatcherServlet'
2024-09-26T17:29:16.529-05:00  INFO 19500 --- [sistemaedu] [o-auto-1-exec-1] o.s.web.servlet.DispatcherServlet        : Completed initialization in 3 ms
]]></system-out>
  <system-err><![CDATA[WARNING: A Java agent has been loaded dynamically (C:\Users\mfeom\.gradle\caches\modules-2\files-2.1\net.bytebuddy\byte-buddy-agent\1.14.19\154da3a65b4f4a909d3e5bdec55d1b2b4cbb6ce1\byte-buddy-agent-1.14.19.jar)
WARNING: If a serviceability tool is in use, please run with -XX:+EnableDynamicAgentLoading to hide this warning
WARNING: If a serviceability tool is not in use, please run with -Djdk.instrument.traceUsage for more information
WARNING: Dynamic loading of agents will be disallowed by default in a future release
]]></system-err>
</testsuite>
